MinimaxDepth3Wermert vs Random
  0 1 2 3 4 5 6 7 
0 B W B W B W B W 
1 W B W B W B W B 
2 B W B W B W B W 
3 W B W B W B W B 
4 B W B W B W B W 
5 W B W B W B W B 
6 B W B W B W B W 
7 W B W B W B W B 

player B's turn
[0, 0, 0, 0]
  0 1 2 3 4 5 6 7 
0 . W B W B W B W 
1 W B W B W B W B 
2 B W B W B W B W 
3 W B W B W B W B 
4 B W B W B W B W 
5 W B W B W B W B 
6 B W B W B W B W 
7 W B W B W B W B 

player W's turn
[0, 1, 0, 1]
  0 1 2 3 4 5 6 7 
0 . . B W B W B W 
1 W B W B W B W B 
2 B W B W B W B W 
3 W B W B W B W B 
4 B W B W B W B W 
5 W B W B W B W B 
6 B W B W B W B W 
7 W B W B W B W B 

player B's turn
[2, 0, 0, 0]
  0 1 2 3 4 5 6 7 
0 B . B W B W B W 
1 . B W B W B W B 
2 . W B W B W B W 
3 W B W B W B W B 
4 B W B W B W B W 
5 W B W B W B W B 
6 B W B W B W B W 
7 W B W B W B W B 

player W's turn
[2, 1, 0, 1]
  0 1 2 3 4 5 6 7 
0 B W B W B W B W 
1 . . W B W B W B 
2 . . B W B W B W 
3 W B W B W B W B 
4 B W B W B W B W 
5 W B W B W B W B 
6 B W B W B W B W 
7 W B W B W B W B 

player B's turn
[1, 3, 1, 1]
  0 1 2 3 4 5 6 7 
0 B W B W B W B W 
1 . B . . W B W B 
2 . . B W B W B W 
3 W B W B W B W B 
4 B W B W B W B W 
5 W B W B W B W B 
6 B W B W B W B W 
7 W B W B W B W B 

player W's turn
[2, 3, 2, 1]
  0 1 2 3 4 5 6 7 
0 B W B W B W B W 
1 . B . . W B W B 
2 . W . . B W B W 
3 W B W B W B W B 
4 B W B W B W B W 
5 W B W B W B W B 
6 B W B W B W B W 
7 W B W B W B W B 

player B's turn
[4, 2, 2, 2]
  0 1 2 3 4 5 6 7 
0 B W B W B W B W 
1 . B . . W B W B 
2 . W B . B W B W 
3 W B . B W B W B 
4 B W . W B W B W 
5 W B W B W B W B 
6 B W B W B W B W 
7 W B W B W B W B 

player W's turn
[2, 1, 2, 3]
  0 1 2 3 4 5 6 7 
0 B W B W B W B W 
1 . B . . W B W B 
2 . . . W B W B W 
3 W B . B W B W B 
4 B W . W B W B W 
5 W B W B W B W B 
6 B W B W B W B W 
7 W B W B W B W B 

player B's turn
[4, 0, 2, 0]
  0 1 2 3 4 5 6 7 
0 B W B W B W B W 
1 . B . . W B W B 
2 B . . W B W B W 
3 . B . B W B W B 
4 . W . W B W B W 
5 W B W B W B W B 
6 B W B W B W B W 
7 W B W B W B W B 

player W's turn
[3, 4, 3, 0]
  0 1 2 3 4 5 6 7 
0 B W B W B W B W 
1 . B . . W B W B 
2 B . . W B W B W 
3 W . . . . B W B 
4 . W . W B W B W 
5 W B W B W B W B 
6 B W B W B W B W 
7 W B W B W B W B 

player B's turn
[1, 5, 1, 3]
  0 1 2 3 4 5 6 7 
0 B W B W B W B W 
1 . B . B . . W B 
2 B . . W B W B W 
3 W . . . . B W B 
4 . W . W B W B W 
5 W B W B W B W B 
6 B W B W B W B W 
7 W B W B W B W B 

player W's turn
[3, 6, 3, 4]
  0 1 2 3 4 5 6 7 
0 B W B W B W B W 
1 . B . B . . W B 
2 B . . W B W B W 
3 W . . . W . . B 
4 . W . W B W B W 
5 W B W B W B W B 
6 B W B W B W B W 
7 W B W B W B W B 

player B's turn
[1, 7, 1, 5]
  0 1 2 3 4 5 6 7 
0 B W B W B W B W 
1 . B . B . B . . 
2 B . . W B W B W 
3 W . . . W . . B 
4 . W . W B W B W 
5 W B W B W B W B 
6 B W B W B W B W 
7 W B W B W B W B 

player W's turn
[3, 0, 1, 0]
  0 1 2 3 4 5 6 7 
0 B W B W B W B W 
1 W B . B . B . . 
2 . . . W B W B W 
3 . . . . W . . B 
4 . W . W B W B W 
5 W B W B W B W B 
6 B W B W B W B W 
7 W B W B W B W B 

player B's turn
[0, 0, 2, 0]
  0 1 2 3 4 5 6 7 
0 . W B W B W B W 
1 . B . B . B . . 
2 B . . W B W B W 
3 . . . . W . . B 
4 . W . W B W B W 
5 W B W B W B W B 
6 B W B W B W B W 
7 W B W B W B W B 

player W's turn
[5, 6, 3, 6]
  0 1 2 3 4 5 6 7 
0 . W B W B W B W 
1 . B . B . B . . 
2 B . . W B W B W 
3 . . . . W . W B 
4 . W . W B W . W 
5 W B W B W B . B 
6 B W B W B W B W 
7 W B W B W B W B 

player B's turn
[0, 2, 0, 0]
  0 1 2 3 4 5 6 7 
0 B . . W B W B W 
1 . B . B . B . . 
2 B . . W B W B W 
3 . . . . W . W B 
4 . W . W B W . W 
5 W B W B W B . B 
6 B W B W B W B W 
7 W B W B W B W B 

player W's turn
[5, 4, 5, 6]
  0 1 2 3 4 5 6 7 
0 B . . W B W B W 
1 . B . B . B . . 
2 B . . W B W B W 
3 . . . . W . W B 
4 . W . W B W . W 
5 W B W B . . W B 
6 B W B W B W B W 
7 W B W B W B W B 

player B's turn
[2, 4, 2, 2]
  0 1 2 3 4 5 6 7 
0 B . . W B W B W 
1 . B . B . B . . 
2 B . B . . W B W 
3 . . . . W . W B 
4 . W . W B W . W 
5 W B W B . . W B 
6 B W B W B W B W 
7 W B W B W B W B 

player W's turn
[3, 6, 1, 6]
  0 1 2 3 4 5 6 7 
0 B . . W B W B W 
1 . B . B . B W . 
2 B . B . . W . W 
3 . . . . W . . B 
4 . W . W B W . W 
5 W B W B . . W B 
6 B W B W B W B W 
7 W B W B W B W B 

player B's turn
[0, 6, 2, 6]
  0 1 2 3 4 5 6 7 
0 B . . W B W . W 
1 . B . B . B . . 
2 B . B . . W B W 
3 . . . . W . . B 
4 . W . W B W . W 
5 W B W B . . W B 
6 B W B W B W B W 
7 W B W B W B W B 

player W's turn
[0, 3, 2, 3]
  0 1 2 3 4 5 6 7 
0 B . . . B W . W 
1 . B . . . B . . 
2 B . B W . W B W 
3 . . . . W . . B 
4 . W . W B W . W 
5 W B W B . . W B 
6 B W B W B W B W 
7 W B W B W B W B 

player B's turn
[5, 1, 3, 1]
  0 1 2 3 4 5 6 7 
0 B . . . B W . W 
1 . B . . . B . . 
2 B . B W . W B W 
3 . B . . W . . B 
4 . . . W B W . W 
5 W . W B . . W B 
6 B W B W B W B W 
7 W B W B W B W B 

player W's turn
[5, 2, 5, 4]
  0 1 2 3 4 5 6 7 
0 B . . . B W . W 
1 . B . . . B . . 
2 B . B W . W B W 
3 . B . . W . . B 
4 . . . W B W . W 
5 W . . . W . W B 
6 B W B W B W B W 
7 W B W B W B W B 

player B's turn
[0, 4, 0, 6]
  0 1 2 3 4 5 6 7 
0 B . . . . . B W 
1 . B . . . B . . 
2 B . B W . W B W 
3 . B . . W . . B 
4 . . . W B W . W 
5 W . . . W . W B 
6 B W B W B W B W 
7 W B W B W B W B 

player W's turn
[0, 7, 0, 5]
  0 1 2 3 4 5 6 7 
0 B . . . . W . . 
1 . B . . . B . . 
2 B . B W . W B W 
3 . B . . W . . B 
4 . . . W B W . W 
5 W . . . W . W B 
6 B W B W B W B W 
7 W B W B W B W B 

player B's turn
[6, 0, 4, 0]
  0 1 2 3 4 5 6 7 
0 B . . . . W . . 
1 . B . . . B . . 
2 B . B W . W B W 
3 . B . . W . . B 
4 B . . W B W . W 
5 . . . . W . W B 
6 . W B W B W B W 
7 W B W B W B W B 

player W's turn
[7, 2, 5, 2]
  0 1 2 3 4 5 6 7 
0 B . . . . W . . 
1 . B . . . B . . 
2 B . B W . W B W 
3 . B . . W . . B 
4 B . . W B W . W 
5 . . W . W . W B 
6 . W . W B W B W 
7 W B . B W B W B 

player B's turn
[6, 4, 6, 2]
  0 1 2 3 4 5 6 7 
0 B . . . . W . . 
1 . B . . . B . . 
2 B . B W . W B W 
3 . B . . W . . B 
4 B . . W B W . W 
5 . . W . W . W B 
6 . W B . . W B W 
7 W B . B W B W B 

player W's turn
[5, 2, 7, 2]
  0 1 2 3 4 5 6 7 
0 B . . . . W . . 
1 . B . . . B . . 
2 B . B W . W B W 
3 . B . . W . . B 
4 B . . W B W . W 
5 . . . . W . W B 
6 . W . . . W B W 
7 W B W B W B W B 

player B's turn
[4, 4, 4, 2]
  0 1 2 3 4 5 6 7 
0 B . . . . W . . 
1 . B . . . B . . 
2 B . B W . W B W 
3 . B . . W . . B 
4 B . B . . W . W 
5 . . . . W . W B 
6 . W . . . W B W 
7 W B W B W B W B 

player W's turn
[2, 3, 2, 1]
  0 1 2 3 4 5 6 7 
0 B . . . . W . . 
1 . B . . . B . . 
2 B W . . . W B W 
3 . B . . W . . B 
4 B . B . . W . W 
5 . . . . W . W B 
6 . W . . . W B W 
7 W B W B W B W B 

player B's turn
[2, 0, 2, 2]
  0 1 2 3 4 5 6 7 
0 B . . . . W . . 
1 . B . . . B . . 
2 . . B . . W B W 
3 . B . . W . . B 
4 B . B . . W . W 
5 . . . . W . W B 
6 . W . . . W B W 
7 W B W B W B W B 

player W's turn
Game over: Random loses.
