Random vs MinimaxDepth3Wermert
  0 1 2 3 4 5 6 7 
0 B W B W B W B W 
1 W B W B W B W B 
2 B W B W B W B W 
3 W B W B W B W B 
4 B W B W B W B W 
5 W B W B W B W B 
6 B W B W B W B W 
7 W B W B W B W B 

player B's turn
[4, 4, 4, 4]
  0 1 2 3 4 5 6 7 
0 B W B W B W B W 
1 W B W B W B W B 
2 B W B W B W B W 
3 W B W B W B W B 
4 B W B W . W B W 
5 W B W B W B W B 
6 B W B W B W B W 
7 W B W B W B W B 

player W's turn
[4, 3, 4, 3]
  0 1 2 3 4 5 6 7 
0 B W B W B W B W 
1 W B W B W B W B 
2 B W B W B W B W 
3 W B W B W B W B 
4 B W B . . W B W 
5 W B W B W B W B 
6 B W B W B W B W 
7 W B W B W B W B 

player B's turn
[6, 4, 4, 4]
  0 1 2 3 4 5 6 7 
0 B W B W B W B W 
1 W B W B W B W B 
2 B W B W B W B W 
3 W B W B W B W B 
4 B W B . B W B W 
5 W B W B . B W B 
6 B W B W . W B W 
7 W B W B W B W B 

player W's turn
[2, 3, 4, 3]
  0 1 2 3 4 5 6 7 
0 B W B W B W B W 
1 W B W B W B W B 
2 B W B . B W B W 
3 W B W . W B W B 
4 B W B W B W B W 
5 W B W B . B W B 
6 B W B W . W B W 
7 W B W B W B W B 

player B's turn
[3, 1, 3, 3]
  0 1 2 3 4 5 6 7 
0 B W B W B W B W 
1 W B W B W B W B 
2 B W B . B W B W 
3 W . . B W B W B 
4 B W B W B W B W 
5 W B W B . B W B 
6 B W B W . W B W 
7 W B W B W B W B 

player W's turn
[3, 4, 5, 4]
  0 1 2 3 4 5 6 7 
0 B W B W B W B W 
1 W B W B W B W B 
2 B W B . B W B W 
3 W . . B . B W B 
4 B W B W . W B W 
5 W B W B W B W B 
6 B W B W . W B W 
7 W B W B W B W B 

player B's turn
[4, 6, 4, 4]
  0 1 2 3 4 5 6 7 
0 B W B W B W B W 
1 W B W B W B W B 
2 B W B . B W B W 
3 W . . B . B W B 
4 B W B W B . . W 
5 W B W B W B W B 
6 B W B W . W B W 
7 W B W B W B W B 

player W's turn
[4, 3, 4, 5]
  0 1 2 3 4 5 6 7 
0 B W B W B W B W 
1 W B W B W B W B 
2 B W B . B W B W 
3 W . . B . B W B 
4 B W B . . W . W 
5 W B W B W B W B 
6 B W B W . W B W 
7 W B W B W B W B 

player B's turn
[2, 6, 4, 6]
  0 1 2 3 4 5 6 7 
0 B W B W B W B W 
1 W B W B W B W B 
2 B W B . B W . W 
3 W . . B . B . B 
4 B W B . . W B W 
5 W B W B W B W B 
6 B W B W . W B W 
7 W B W B W B W B 

player W's turn
[5, 6, 3, 6]
  0 1 2 3 4 5 6 7 
0 B W B W B W B W 
1 W B W B W B W B 
2 B W B . B W . W 
3 W . . B . B W B 
4 B W B . . W . W 
5 W B W B W B . B 
6 B W B W . W B W 
7 W B W B W B W B 

player B's turn
[5, 1, 3, 1]
  0 1 2 3 4 5 6 7 
0 B W B W B W B W 
1 W B W B W B W B 
2 B W B . B W . W 
3 W B . B . B W B 
4 B . B . . W . W 
5 W . W B W B . B 
6 B W B W . W B W 
7 W B W B W B W B 

player W's turn
[1, 4, 3, 4]
  0 1 2 3 4 5 6 7 
0 B W B W B W B W 
1 W B W B . B W B 
2 B W B . . W . W 
3 W B . B W B W B 
4 B . B . . W . W 
5 W . W B W B . B 
6 B W B W . W B W 
7 W B W B W B W B 

player B's turn
[5, 3, 5, 1]
  0 1 2 3 4 5 6 7 
0 B W B W B W B W 
1 W B W B . B W B 
2 B W B . . W . W 
3 W B . B W B W B 
4 B . B . . W . W 
5 W B . . W B . B 
6 B W B W . W B W 
7 W B W B W B W B 

player W's turn
[5, 0, 5, 2]
  0 1 2 3 4 5 6 7 
0 B W B W B W B W 
1 W B W B . B W B 
2 B W B . . W . W 
3 W B . B W B W B 
4 B . B . . W . W 
5 . . W . W B . B 
6 B W B W . W B W 
7 W B W B W B W B 

player B's turn
[0, 6, 2, 6]
  0 1 2 3 4 5 6 7 
0 B W B W B W . W 
1 W B W B . B . B 
2 B W B . . W B W 
3 W B . B W B W B 
4 B . B . . W . W 
5 . . W . W B . B 
6 B W B W . W B W 
7 W B W B W B W B 

player W's turn
[3, 6, 1, 6]
  0 1 2 3 4 5 6 7 
0 B W B W B W . W 
1 W B W B . B W B 
2 B W B . . W . W 
3 W B . B W B . B 
4 B . B . . W . W 
5 . . W . W B . B 
6 B W B W . W B W 
7 W B W B W B W B 

player B's turn
[7, 1, 5, 1]
  0 1 2 3 4 5 6 7 
0 B W B W B W . W 
1 W B W B . B W B 
2 B W B . . W . W 
3 W B . B W B . B 
4 B . B . . W . W 
5 . B W . W B . B 
6 B . B W . W B W 
7 W . W B W B W B 

player W's turn
[5, 2, 5, 0]
  0 1 2 3 4 5 6 7 
0 B W B W B W . W 
1 W B W B . B W B 
2 B W B . . W . W 
3 W B . B W B . B 
4 B . B . . W . W 
5 W . . . W B . B 
6 B . B W . W B W 
7 W . W B W B W B 

player B's turn
[6, 2, 6, 4]
  0 1 2 3 4 5 6 7 
0 B W B W B W . W 
1 W B W B . B W B 
2 B W B . . W . W 
3 W B . B W B . B 
4 B . B . . W . W 
5 W . . . W B . B 
6 B . . . B W B W 
7 W . W B W B W B 

player W's turn
[6, 5, 6, 3]
  0 1 2 3 4 5 6 7 
0 B W B W B W . W 
1 W B W B . B W B 
2 B W B . . W . W 
3 W B . B W B . B 
4 B . B . . W . W 
5 W . . . W B . B 
6 B . . W . . B W 
7 W . W B W B W B 

player B's turn
[7, 3, 7, 1]
  0 1 2 3 4 5 6 7 
0 B W B W B W . W 
1 W B W B . B W B 
2 B W B . . W . W 
3 W B . B W B . B 
4 B . B . . W . W 
5 W . . . W B . B 
6 B . . W . . B W 
7 W B . . W B W B 

player W's turn
[2, 1, 4, 1]
  0 1 2 3 4 5 6 7 
0 B W B W B W . W 
1 W B W B . B W B 
2 B . B . . W . W 
3 W . . B W B . B 
4 B W B . . W . W 
5 W . . . W B . B 
6 B . . W . . B W 
7 W B . . W B W B 

player B's turn
[0, 4, 0, 6]
  0 1 2 3 4 5 6 7 
0 B W B W . . B W 
1 W B W B . B W B 
2 B . B . . W . W 
3 W . . B W B . B 
4 B W B . . W . W 
5 W . . . W B . B 
6 B . . W . . B W 
7 W B . . W B W B 

player W's turn
[0, 1, 2, 1]
  0 1 2 3 4 5 6 7 
0 B . B W . . B W 
1 W . W B . B W B 
2 B W B . . W . W 
3 W . . B W B . B 
4 B W B . . W . W 
5 W . . . W B . B 
6 B . . W . . B W 
7 W B . . W B W B 

player B's turn
[0, 6, 2, 6]
  0 1 2 3 4 5 6 7 
0 B . B W . . . W 
1 W . W B . B . B 
2 B W B . . W B W 
3 W . . B W B . B 
4 B W B . . W . W 
5 W . . . W B . B 
6 B . . W . . B W 
7 W B . . W B W B 

player W's turn
[2, 5, 0, 5]
  0 1 2 3 4 5 6 7 
0 B . B W . W . W 
1 W . W B . . . B 
2 B W B . . . B W 
3 W . . B W B . B 
4 B W B . . W . W 
5 W . . . W B . B 
6 B . . W . . B W 
7 W B . . W B W B 

player B's turn
[0, 2, 0, 4]
  0 1 2 3 4 5 6 7 
0 B . . . B W . W 
1 W . W B . . . B 
2 B W B . . . B W 
3 W . . B W B . B 
4 B W B . . W . W 
5 W . . . W B . B 
6 B . . W . . B W 
7 W B . . W B W B 

player W's turn
[0, 5, 0, 3]
  0 1 2 3 4 5 6 7 
0 B . . W . . . W 
1 W . W B . . . B 
2 B W B . . . B W 
3 W . . B W B . B 
4 B W B . . W . W 
5 W . . . W B . B 
6 B . . W . . B W 
7 W B . . W B W B 

player B's turn
[1, 3, 1, 1]
  0 1 2 3 4 5 6 7 
0 B . . W . . . W 
1 W B . . . . . B 
2 B W B . . . B W 
3 W . . B W B . B 
4 B W B . . W . W 
5 W . . . W B . B 
6 B . . W . . B W 
7 W B . . W B W B 

player W's turn
[1, 0, 1, 2]
  0 1 2 3 4 5 6 7 
0 B . . W . . . W 
1 . . W . . . . B 
2 B W B . . . B W 
3 W . . B W B . B 
4 B W B . . W . W 
5 W . . . W B . B 
6 B . . W . . B W 
7 W B . . W B W B 

player B's turn
[2, 2, 0, 2]
  0 1 2 3 4 5 6 7 
0 B . B W . . . W 
1 . . . . . . . B 
2 B W . . . . B W 
3 W . . B W B . B 
4 B W B . . W . W 
5 W . . . W B . B 
6 B . . W . . B W 
7 W B . . W B W B 

player W's turn
[0, 3, 0, 1]
  0 1 2 3 4 5 6 7 
0 B W . . . . . W 
1 . . . . . . . B 
2 B W . . . . B W 
3 W . . B W B . B 
4 B W B . . W . W 
5 W . . . W B . B 
6 B . . W . . B W 
7 W B . . W B W B 

player B's turn
[7, 5, 7, 3]
  0 1 2 3 4 5 6 7 
0 B W . . . . . W 
1 . . . . . . . B 
2 B W . . . . B W 
3 W . . B W B . B 
4 B W B . . W . W 
5 W . . . W B . B 
6 B . . W . . B W 
7 W B . B . . W B 

player W's turn
[3, 0, 1, 0]
  0 1 2 3 4 5 6 7 
0 B W . . . . . W 
1 W . . . . . . B 
2 . W . . . . B W 
3 . . . B W B . B 
4 B W B . . W . W 
5 W . . . W B . B 
6 B . . W . . B W 
7 W B . B . . W B 

player B's turn
[7, 3, 5, 3]
  0 1 2 3 4 5 6 7 
0 B W . . . . . W 
1 W . . . . . . B 
2 . W . . . . B W 
3 . . . B W B . B 
4 B W B . . W . W 
5 W . . B W B . B 
6 B . . . . . B W 
7 W B . . . . W B 

player W's turn
[7, 6, 5, 6]
  0 1 2 3 4 5 6 7 
0 B W . . . . . W 
1 W . . . . . . B 
2 . W . . . . B W 
3 . . . B W B . B 
4 B W B . . W . W 
5 W . . B W B W B 
6 B . . . . . . W 
7 W B . . . . . B 

player B's turn
[0, 0, 2, 0]
  0 1 2 3 4 5 6 7 
0 . W . . . . . W 
1 . . . . . . . B 
2 B W . . . . B W 
3 . . . B W B . B 
4 B W B . . W . W 
5 W . . B W B W B 
6 B . . . . . . W 
7 W B . . . . . B 

player W's turn
[4, 1, 4, 3]
  0 1 2 3 4 5 6 7 
0 . W . . . . . W 
1 . . . . . . . B 
2 B W . . . . B W 
3 . . . B W B . B 
4 B . . W . W . W 
5 W . . B W B W B 
6 B . . . . . . W 
7 W B . . . . . B 

player B's turn
[2, 0, 2, 2]
  0 1 2 3 4 5 6 7 
0 . W . . . . . W 
1 . . . . . . . B 
2 . . B . . . B W 
3 . . . B W B . B 
4 B . . W . W . W 
5 W . . B W B W B 
6 B . . . . . . W 
7 W B . . . . . B 

player W's turn
[5, 0, 3, 0]
  0 1 2 3 4 5 6 7 
0 . W . . . . . W 
1 . . . . . . . B 
2 . . B . . . B W 
3 W . . B W B . B 
4 . . . W . W . W 
5 . . . B W B W B 
6 B . . . . . . W 
7 W B . . . . . B 

player B's turn
Game over: Random loses.
