Random vs Simple
  0 1 2 3 4 5 6 7 
0 B W B W B W B W 
1 W B W B W B W B 
2 B W B W B W B W 
3 W B W B W B W B 
4 B W B W B W B W 
5 W B W B W B W B 
6 B W B W B W B W 
7 W B W B W B W B 

player B's turn
[3, 3, 3, 3]
  0 1 2 3 4 5 6 7 
0 B W B W B W B W 
1 W B W B W B W B 
2 B W B W B W B W 
3 W B W . W B W B 
4 B W B W B W B W 
5 W B W B W B W B 
6 B W B W B W B W 
7 W B W B W B W B 

player W's turn
[3, 2, 3, 2]
  0 1 2 3 4 5 6 7 
0 B W B W B W B W 
1 W B W B W B W B 
2 B W B W B W B W 
3 W B . . W B W B 
4 B W B W B W B W 
5 W B W B W B W B 
6 B W B W B W B W 
7 W B W B W B W B 

player B's turn
[3, 5, 3, 3]
  0 1 2 3 4 5 6 7 
0 B W B W B W B W 
1 W B W B W B W B 
2 B W B W B W B W 
3 W B . B . . W B 
4 B W B W B W B W 
5 W B W B W B W B 
6 B W B W B W B W 
7 W B W B W B W B 

player W's turn
[1, 2, 3, 2]
  0 1 2 3 4 5 6 7 
0 B W B W B W B W 
1 W B . B W B W B 
2 B W . W B W B W 
3 W B W B . . W B 
4 B W B W B W B W 
5 W B W B W B W B 
6 B W B W B W B W 
7 W B W B W B W B 

player B's turn
[3, 7, 3, 5]
  0 1 2 3 4 5 6 7 
0 B W B W B W B W 
1 W B . B W B W B 
2 B W . W B W B W 
3 W B W B . B . . 
4 B W B W B W B W 
5 W B W B W B W B 
6 B W B W B W B W 
7 W B W B W B W B 

player W's turn
[1, 0, 1, 2]
  0 1 2 3 4 5 6 7 
0 B W B W B W B W 
1 . . W B W B W B 
2 B W . W B W B W 
3 W B W B . B . . 
4 B W B W B W B W 
5 W B W B W B W B 
6 B W B W B W B W 
7 W B W B W B W B 

player B's turn
[1, 7, 3, 7]
  0 1 2 3 4 5 6 7 
0 B W B W B W B W 
1 . . W B W B W . 
2 B W . W B W B . 
3 W B W B . B . B 
4 B W B W B W B W 
5 W B W B W B W B 
6 B W B W B W B W 
7 W B W B W B W B 

player W's turn
[1, 4, 3, 4]
  0 1 2 3 4 5 6 7 
0 B W B W B W B W 
1 . . W B . B W . 
2 B W . W . W B . 
3 W B W B W B . B 
4 B W B W B W B W 
5 W B W B W B W B 
6 B W B W B W B W 
7 W B W B W B W B 

player B's turn
[1, 5, 1, 7]
  0 1 2 3 4 5 6 7 
0 B W B W B W B W 
1 . . W B . . . B 
2 B W . W . W B . 
3 W B W B W B . B 
4 B W B W B W B W 
5 W B W B W B W B 
6 B W B W B W B W 
7 W B W B W B W B 

player W's turn
[0, 7, 2, 7]
  0 1 2 3 4 5 6 7 
0 B W B W B W B . 
1 . . W B . . . . 
2 B W . W . W B W 
3 W B W B W B . B 
4 B W B W B W B W 
5 W B W B W B W B 
6 B W B W B W B W 
7 W B W B W B W B 

player B's turn
[4, 4, 2, 4]
  0 1 2 3 4 5 6 7 
0 B W B W B W B . 
1 . . W B . . . . 
2 B W . W B W B W 
3 W B W B . B . B 
4 B W B W . W B W 
5 W B W B W B W B 
6 B W B W B W B W 
7 W B W B W B W B 

player W's turn
[0, 5, 0, 7]
  0 1 2 3 4 5 6 7 
0 B W B W B . . W 
1 . . W B . . . . 
2 B W . W B W B W 
3 W B W B . B . B 
4 B W B W . W B W 
5 W B W B W B W B 
6 B W B W B W B W 
7 W B W B W B W B 

player B's turn
[3, 7, 1, 7]
  0 1 2 3 4 5 6 7 
0 B W B W B . . W 
1 . . W B . . . B 
2 B W . W B W B . 
3 W B W B . B . . 
4 B W B W . W B W 
5 W B W B W B W B 
6 B W B W B W B W 
7 W B W B W B W B 

player W's turn
[0, 3, 0, 5]
  0 1 2 3 4 5 6 7 
0 B W B . . W . W 
1 . . W B . . . B 
2 B W . W B W B . 
3 W B W B . B . . 
4 B W B W . W B W 
5 W B W B W B W B 
6 B W B W B W B W 
7 W B W B W B W B 

player B's turn
[3, 5, 1, 5]
  0 1 2 3 4 5 6 7 
0 B W B . . W . W 
1 . . W B . B . B 
2 B W . W B . B . 
3 W B W B . . . . 
4 B W B W . W B W 
5 W B W B W B W B 
6 B W B W B W B W 
7 W B W B W B W B 

player W's turn
[0, 1, 0, 3]
  0 1 2 3 4 5 6 7 
0 B . . W . W . W 
1 . . W B . B . B 
2 B W . W B . B . 
3 W B W B . . . . 
4 B W B W . W B W 
5 W B W B W B W B 
6 B W B W B W B W 
7 W B W B W B W B 

player B's turn
[4, 2, 2, 2]
  0 1 2 3 4 5 6 7 
0 B . . W . W . W 
1 . . W B . B . B 
2 B W B W B . B . 
3 W B . B . . . . 
4 B W . W . W B W 
5 W B W B W B W B 
6 B W B W B W B W 
7 W B W B W B W B 

player W's turn
[0, 5, 2, 5]
  0 1 2 3 4 5 6 7 
0 B . . W . . . W 
1 . . W B . . . B 
2 B W B W B W B . 
3 W B . B . . . . 
4 B W . W . W B W 
5 W B W B W B W B 
6 B W B W B W B W 
7 W B W B W B W B 

player B's turn
[6, 2, 4, 2]
  0 1 2 3 4 5 6 7 
0 B . . W . . . W 
1 . . W B . . . B 
2 B W B W B W B . 
3 W B . B . . . . 
4 B W B W . W B W 
5 W B . B W B W B 
6 B W . W B W B W 
7 W B W B W B W B 

player W's turn
[0, 7, 2, 7]
  0 1 2 3 4 5 6 7 
0 B . . W . . . . 
1 . . W B . . . . 
2 B W B W B W B W 
3 W B . B . . . . 
4 B W B W . W B W 
5 W B . B W B W B 
6 B W . W B W B W 
7 W B W B W B W B 

player B's turn
[4, 6, 4, 4]
  0 1 2 3 4 5 6 7 
0 B . . W . . . . 
1 . . W B . . . . 
2 B W B W B W B W 
3 W B . B . . . . 
4 B W B W B . . W 
5 W B . B W B W B 
6 B W . W B W B W 
7 W B W B W B W B 

player W's turn
[1, 2, 1, 4]
  0 1 2 3 4 5 6 7 
0 B . . W . . . . 
1 . . . . W . . . 
2 B W B W B W B W 
3 W B . B . . . . 
4 B W B W B . . W 
5 W B . B W B W B 
6 B W . W B W B W 
7 W B W B W B W B 

player B's turn
[5, 7, 1, 7]
  0 1 2 3 4 5 6 7 
0 B . . W . . . . 
1 . . . . W . . B 
2 B W B W B W B . 
3 W B . B . . . . 
4 B W B W B . . . 
5 W B . B W B W . 
6 B W . W B W B W 
7 W B W B W B W B 

player W's turn
[1, 4, 3, 4]
  0 1 2 3 4 5 6 7 
0 B . . W . . . . 
1 . . . . . . . B 
2 B W B W . W B . 
3 W B . B W . . . 
4 B W B W B . . . 
5 W B . B W B W . 
6 B W . W B W B W 
7 W B W B W B W B 

player B's turn
[6, 0, 6, 2]
  0 1 2 3 4 5 6 7 
0 B . . W . . . . 
1 . . . . . . . B 
2 B W B W . W B . 
3 W B . B W . . . 
4 B W B W B . . . 
5 W B . B W B W . 
6 . . B W B W B W 
7 W B W B W B W B 

player W's turn
[2, 5, 2, 7]
  0 1 2 3 4 5 6 7 
0 B . . W . . . . 
1 . . . . . . . B 
2 B W B W . . . W 
3 W B . B W . . . 
4 B W B W B . . . 
5 W B . B W B W . 
6 . . B W B W B W 
7 W B W B W B W B 

player B's turn
[4, 0, 6, 0]
  0 1 2 3 4 5 6 7 
0 B . . W . . . . 
1 . . . . . . . B 
2 B W B W . . . W 
3 W B . B W . . . 
4 . W B W B . . . 
5 . B . B W B W . 
6 B . B W B W B W 
7 W B W B W B W B 

player W's turn
[2, 7, 0, 7]
  0 1 2 3 4 5 6 7 
0 B . . W . . . W 
1 . . . . . . . . 
2 B W B W . . . . 
3 W B . B W . . . 
4 . W B W B . . . 
5 . B . B W B W . 
6 B . B W B W B W 
7 W B W B W B W B 

player B's turn
[6, 6, 4, 6]
  0 1 2 3 4 5 6 7 
0 B . . W . . . W 
1 . . . . . . . . 
2 B W B W . . . . 
3 W B . B W . . . 
4 . W B W B . B . 
5 . B . B W B . . 
6 B . B W B W . W 
7 W B W B W B W B 

player W's turn
[3, 0, 1, 0]
  0 1 2 3 4 5 6 7 
0 B . . W . . . W 
1 W . . . . . . . 
2 . W B W . . . . 
3 . B . B W . . . 
4 . W B W B . B . 
5 . B . B W B . . 
6 B . B W B W . W 
7 W B W B W B W B 

player B's turn
[4, 4, 2, 4]
  0 1 2 3 4 5 6 7 
0 B . . W . . . W 
1 W . . . . . . . 
2 . W B W B . . . 
3 . B . B . . . . 
4 . W B W . . B . 
5 . B . B W B . . 
6 B . B W B W . W 
7 W B W B W B W B 

player W's turn
[2, 3, 2, 5]
  0 1 2 3 4 5 6 7 
0 B . . W . . . W 
1 W . . . . . . . 
2 . W B . . W . . 
3 . B . B . . . . 
4 . W B W . . B . 
5 . B . B W B . . 
6 B . B W B W . W 
7 W B W B W B W B 

player B's turn
[4, 2, 4, 0]
  0 1 2 3 4 5 6 7 
0 B . . W . . . W 
1 W . . . . . . . 
2 . W B . . W . . 
3 . B . B . . . . 
4 B . . W . . B . 
5 . B . B W B . . 
6 B . B W B W . W 
7 W B W B W B W B 

player W's turn
[2, 1, 2, 3]
  0 1 2 3 4 5 6 7 
0 B . . W . . . W 
1 W . . . . . . . 
2 . . . W . W . . 
3 . B . B . . . . 
4 B . . W . . B . 
5 . B . B W B . . 
6 B . B W B W . W 
7 W B W B W B W B 

player B's turn
[6, 4, 6, 6]
  0 1 2 3 4 5 6 7 
0 B . . W . . . W 
1 W . . . . . . . 
2 . . . W . W . . 
3 . B . B . . . . 
4 B . . W . . B . 
5 . B . B W B . . 
6 B . B W . . B W 
7 W B W B W B W B 

player W's turn
[5, 4, 5, 6]
  0 1 2 3 4 5 6 7 
0 B . . W . . . W 
1 W . . . . . . . 
2 . . . W . W . . 
3 . B . B . . . . 
4 B . . W . . B . 
5 . B . B . . W . 
6 B . B W . . B W 
7 W B W B W B W B 

player B's turn
[3, 3, 1, 3]
  0 1 2 3 4 5 6 7 
0 B . . W . . . W 
1 W . . B . . . . 
2 . . . . . W . . 
3 . B . . . . . . 
4 B . . W . . B . 
5 . B . B . . W . 
6 B . B W . . B W 
7 W B W B W B W B 

player W's turn
[0, 3, 2, 3]
  0 1 2 3 4 5 6 7 
0 B . . . . . . W 
1 W . . . . . . . 
2 . . . W . W . . 
3 . B . . . . . . 
4 B . . W . . B . 
5 . B . B . . W . 
6 B . B W . . B W 
7 W B W B W B W B 

player B's turn
[0, 0, 2, 0]
  0 1 2 3 4 5 6 7 
0 . . . . . . . W 
1 . . . . . . . . 
2 B . . W . W . . 
3 . B . . . . . . 
4 B . . W . . B . 
5 . B . B . . W . 
6 B . B W . . B W 
7 W B W B W B W B 

player W's turn
[5, 6, 3, 6]
  0 1 2 3 4 5 6 7 
0 . . . . . . . W 
1 . . . . . . . . 
2 B . . W . W . . 
3 . B . . . . W . 
4 B . . W . . . . 
5 . B . B . . . . 
6 B . B W . . B W 
7 W B W B W B W B 

player B's turn
[5, 3, 3, 3]
  0 1 2 3 4 5 6 7 
0 . . . . . . . W 
1 . . . . . . . . 
2 B . . W . W . . 
3 . B . B . . W . 
4 B . . . . . . . 
5 . B . . . . . . 
6 B . B W . . B W 
7 W B W B W B W B 

player W's turn
[2, 3, 4, 3]
  0 1 2 3 4 5 6 7 
0 . . . . . . . W 
1 . . . . . . . . 
2 B . . . . W . . 
3 . B . . . . W . 
4 B . . W . . . . 
5 . B . . . . . . 
6 B . B W . . B W 
7 W B W B W B W B 

player B's turn
[7, 7, 5, 7]
  0 1 2 3 4 5 6 7 
0 . . . . . . . W 
1 . . . . . . . . 
2 B . . . . W . . 
3 . B . . . . W . 
4 B . . W . . . . 
5 . B . . . . . B 
6 B . B W . . B . 
7 W B W B W B W . 

player W's turn
[6, 3, 6, 1]
  0 1 2 3 4 5 6 7 
0 . . . . . . . W 
1 . . . . . . . . 
2 B . . . . W . . 
3 . B . . . . W . 
4 B . . W . . . . 
5 . B . . . . . B 
6 B W . . . . B . 
7 W B W B W B W . 

player B's turn
[6, 0, 6, 2]
  0 1 2 3 4 5 6 7 
0 . . . . . . . W 
1 . . . . . . . . 
2 B . . . . W . . 
3 . B . . . . W . 
4 B . . W . . . . 
5 . B . . . . . B 
6 . . B . . . B . 
7 W B W B W B W . 

player W's turn
[7, 2, 5, 2]
  0 1 2 3 4 5 6 7 
0 . . . . . . . W 
1 . . . . . . . . 
2 B . . . . W . . 
3 . B . . . . W . 
4 B . . W . . . . 
5 . B W . . . . B 
6 . . . . . . B . 
7 W B . B W B W . 

player B's turn
[7, 5, 7, 7]
  0 1 2 3 4 5 6 7 
0 . . . . . . . W 
1 . . . . . . . . 
2 B . . . . W . . 
3 . B . . . . W . 
4 B . . W . . . . 
5 . B W . . . . B 
6 . . . . . . B . 
7 W B . B W . . B 

player W's turn
[5, 2, 5, 0]
  0 1 2 3 4 5 6 7 
0 . . . . . . . W 
1 . . . . . . . . 
2 B . . . . W . . 
3 . B . . . . W . 
4 B . . W . . . . 
5 W . . . . . . B 
6 . . . . . . B . 
7 W B . B W . . B 

player B's turn
[4, 0, 6, 0]
  0 1 2 3 4 5 6 7 
0 . . . . . . . W 
1 . . . . . . . . 
2 B . . . . W . . 
3 . B . . . . W . 
4 . . . W . . . . 
5 . . . . . . . B 
6 B . . . . . B . 
7 W B . B W . . B 

player W's turn
[7, 0, 5, 0]
  0 1 2 3 4 5 6 7 
0 . . . . . . . W 
1 . . . . . . . . 
2 B . . . . W . . 
3 . B . . . . W . 
4 . . . W . . . . 
5 W . . . . . . B 
6 . . . . . . B . 
7 . B . B W . . B 

player B's turn
[7, 3, 7, 5]
  0 1 2 3 4 5 6 7 
0 . . . . . . . W 
1 . . . . . . . . 
2 B . . . . W . . 
3 . B . . . . W . 
4 . . . W . . . . 
5 W . . . . . . B 
6 . . . . . . B . 
7 . B . . . B . B 

player W's turn
Game over: Simple loses.
