Random vs MinimaxDepth4YourLastNames
  0 1 2 3 4 5 6 7 
0 B W B W B W B W 
1 W B W B W B W B 
2 B W B W B W B W 
3 W B W B W B W B 
4 B W B W B W B W 
5 W B W B W B W B 
6 B W B W B W B W 
7 W B W B W B W B 

player B's turn
[3, 3, 3, 3]
  0 1 2 3 4 5 6 7 
0 B W B W B W B W 
1 W B W B W B W B 
2 B W B W B W B W 
3 W B W . W B W B 
4 B W B W B W B W 
5 W B W B W B W B 
6 B W B W B W B W 
7 W B W B W B W B 

player W's turn
[4, 3, 4, 3]
  0 1 2 3 4 5 6 7 
0 B W B W B W B W 
1 W B W B W B W B 
2 B W B W B W B W 
3 W B W . W B W B 
4 B W B . B W B W 
5 W B W B W B W B 
6 B W B W B W B W 
7 W B W B W B W B 

player B's turn
[1, 3, 3, 3]
  0 1 2 3 4 5 6 7 
0 B W B W B W B W 
1 W B W . W B W B 
2 B W B . B W B W 
3 W B W B W B W B 
4 B W B . B W B W 
5 W B W B W B W B 
6 B W B W B W B W 
7 W B W B W B W B 

player W's turn
[2, 5, 2, 3]
  0 1 2 3 4 5 6 7 
0 B W B W B W B W 
1 W B W . W B W B 
2 B W B W . . B W 
3 W B W B W B W B 
4 B W B . B W B W 
5 W B W B W B W B 
6 B W B W B W B W 
7 W B W B W B W B 

player B's turn
[3, 3, 1, 3]
  0 1 2 3 4 5 6 7 
0 B W B W B W B W 
1 W B W B W B W B 
2 B W B . . . B W 
3 W B W . W B W B 
4 B W B . B W B W 
5 W B W B W B W B 
6 B W B W B W B W 
7 W B W B W B W B 

player W's turn
[6, 3, 4, 3]
  0 1 2 3 4 5 6 7 
0 B W B W B W B W 
1 W B W B W B W B 
2 B W B . . . B W 
3 W B W . W B W B 
4 B W B W B W B W 
5 W B W . W B W B 
6 B W B . B W B W 
7 W B W B W B W B 

player B's turn
[5, 1, 5, 3]
  0 1 2 3 4 5 6 7 
0 B W B W B W B W 
1 W B W B W B W B 
2 B W B . . . B W 
3 W B W . W B W B 
4 B W B W B W B W 
5 W . . B W B W B 
6 B W B . B W B W 
7 W B W B W B W B 

player W's turn
[5, 4, 5, 2]
  0 1 2 3 4 5 6 7 
0 B W B W B W B W 
1 W B W B W B W B 
2 B W B . . . B W 
3 W B W . W B W B 
4 B W B W B W B W 
5 W . W . . B W B 
6 B W B . B W B W 
7 W B W B W B W B 

player B's turn
[4, 4, 2, 4]
  0 1 2 3 4 5 6 7 
0 B W B W B W B W 
1 W B W B W B W B 
2 B W B . B . B W 
3 W B W . . B W B 
4 B W B W . W B W 
5 W . W . . B W B 
6 B W B . B W B W 
7 W B W B W B W B 

player W's turn
[3, 6, 3, 4]
  0 1 2 3 4 5 6 7 
0 B W B W B W B W 
1 W B W B W B W B 
2 B W B . B . B W 
3 W B W . W . . B 
4 B W B W . W B W 
5 W . W . . B W B 
6 B W B . B W B W 
7 W B W B W B W B 

player B's turn
[4, 6, 4, 4]
  0 1 2 3 4 5 6 7 
0 B W B W B W B W 
1 W B W B W B W B 
2 B W B . B . B W 
3 W B W . W . . B 
4 B W B W B . . W 
5 W . W . . B W B 
6 B W B . B W B W 
7 W B W B W B W B 

player W's turn
[5, 6, 5, 4]
  0 1 2 3 4 5 6 7 
0 B W B W B W B W 
1 W B W B W B W B 
2 B W B . B . B W 
3 W B W . W . . B 
4 B W B W B . . W 
5 W . W . W . . B 
6 B W B . B W B W 
7 W B W B W B W B 

player B's turn
[3, 1, 3, 3]
  0 1 2 3 4 5 6 7 
0 B W B W B W B W 
1 W B W B W B W B 
2 B W B . B . B W 
3 W . . B W . . B 
4 B W B W B . . W 
5 W . W . W . . B 
6 B W B . B W B W 
7 W B W B W B W B 

player W's turn
[3, 4, 3, 2]
  0 1 2 3 4 5 6 7 
0 B W B W B W B W 
1 W B W B W B W B 
2 B W B . B . B W 
3 W . W . . . . B 
4 B W B W B . . W 
5 W . W . W . . B 
6 B W B . B W B W 
7 W B W B W B W B 

player B's turn
[1, 1, 3, 1]
  0 1 2 3 4 5 6 7 
0 B W B W B W B W 
1 W . W B W B W B 
2 B . B . B . B W 
3 W B W . . . . B 
4 B W B W B . . W 
5 W . W . W . . B 
6 B W B . B W B W 
7 W B W B W B W B 

player W's turn
[4, 1, 2, 1]
  0 1 2 3 4 5 6 7 
0 B W B W B W B W 
1 W . W B W B W B 
2 B W B . B . B W 
3 W . W . . . . B 
4 B . B W B . . W 
5 W . W . W . . B 
6 B W B . B W B W 
7 W B W B W B W B 

player B's turn
[7, 5, 5, 5]
  0 1 2 3 4 5 6 7 
0 B W B W B W B W 
1 W . W B W B W B 
2 B W B . B . B W 
3 W . W . . . . B 
4 B . B W B . . W 
5 W . W . W B . B 
6 B W B . B . B W 
7 W B W B W . W B 

player W's turn
[0, 5, 2, 5]
  0 1 2 3 4 5 6 7 
0 B W B W B . B W 
1 W . W B W . W B 
2 B W B . B W B W 
3 W . W . . . . B 
4 B . B W B . . W 
5 W . W . W B . B 
6 B W B . B . B W 
7 W B W B W . W B 

player B's turn
[5, 5, 5, 3]
  0 1 2 3 4 5 6 7 
0 B W B W B . B W 
1 W . W B W . W B 
2 B W B . B W B W 
3 W . W . . . . B 
4 B . B W B . . W 
5 W . W B . . . B 
6 B W B . B . B W 
7 W B W B W . W B 

player W's turn
[5, 2, 5, 4]
  0 1 2 3 4 5 6 7 
0 B W B W B . B W 
1 W . W B W . W B 
2 B W B . B W B W 
3 W . W . . . . B 
4 B . B W B . . W 
5 W . . . W . . B 
6 B W B . B . B W 
7 W B W B W . W B 

player B's turn
[1, 3, 1, 5]
  0 1 2 3 4 5 6 7 
0 B W B W B . B W 
1 W . W . . B W B 
2 B W B . B W B W 
3 W . W . . . . B 
4 B . B W B . . W 
5 W . . . W . . B 
6 B W B . B . B W 
7 W B W B W . W B 

player W's turn
[1, 6, 1, 4]
  0 1 2 3 4 5 6 7 
0 B W B W B . B W 
1 W . W . W . . B 
2 B W B . B W B W 
3 W . W . . . . B 
4 B . B W B . . W 
5 W . . . W . . B 
6 B W B . B . B W 
7 W B W B W . W B 

player B's turn
[7, 7, 7, 5]
  0 1 2 3 4 5 6 7 
0 B W B W B . B W 
1 W . W . W . . B 
2 B W B . B W B W 
3 W . W . . . . B 
4 B . B W B . . W 
5 W . . . W . . B 
6 B W B . B . B W 
7 W B W B W B . . 

player W's turn
[6, 7, 6, 5]
  0 1 2 3 4 5 6 7 
0 B W B W B . B W 
1 W . W . W . . B 
2 B W B . B W B W 
3 W . W . . . . B 
4 B . B W B . . W 
5 W . . . W . . B 
6 B W B . B W . . 
7 W B W B W B . . 

player B's turn
[6, 4, 6, 6]
  0 1 2 3 4 5 6 7 
0 B W B W B . B W 
1 W . W . W . . B 
2 B W B . B W B W 
3 W . W . . . . B 
4 B . B W B . . W 
5 W . . . W . . B 
6 B W B . . . B . 
7 W B W B W B . . 

player W's turn
[4, 7, 6, 7]
  0 1 2 3 4 5 6 7 
0 B W B W B . B W 
1 W . W . W . . B 
2 B W B . B W B W 
3 W . W . . . . B 
4 B . B W B . . . 
5 W . . . W . . . 
6 B W B . . . B W 
7 W B W B W B . . 

player B's turn
[4, 4, 6, 4]
  0 1 2 3 4 5 6 7 
0 B W B W B . B W 
1 W . W . W . . B 
2 B W B . B W B W 
3 W . W . . . . B 
4 B . B W . . . . 
5 W . . . . . . . 
6 B W B . B . B W 
7 W B W B W B . . 

player W's turn
